Arguments: 
  C:\Program Files\nodejs\node.exe C:\Program Files (x86)\Yarn\bin\yarn.js add shelljs

PATH: 
  C:\Program Files (x86)\Common Files\Intel\Shared Libraries\redist\intel64\compiler;C:\Python27\;C:\Python27\Scripts;C:\Program Files (x86)\Razer Chroma SDK\bin;C:\Program Files\Razer Chroma SDK\bin;C:\Program Files (x86)\Intel\Intel(R) Management Engine Components\iCLS\;C:\Program Files\Intel\Intel(R) Management Engine Components\iCLS\;C:\Windows\system32;C:\Windows;C:\Windows\System32\Wbem;C:\Windows\System32\WindowsPowerShell\v1.0\;C:\Windows\System32\OpenSSH\;C:\Program Files (x86)\Intel\Intel(R) Management Engine Components\DAL;C:\Program Files\Intel\Intel(R) Management Engine Components\DAL;C:\Users\Administrator\AppData\Local\Microsoft\WindowsApps;C:\Go\bin;C:\Program Files\Git\cmd;C:\WINDOWS\system32;C:\WINDOWS;C:\WINDOWS\System32\Wbem;C:\WINDOWS\System32\WindowsPowerShell\v1.0\;C:\WINDOWS\System32\OpenSSH\;C:\Program Files\nodejs\;C:\ProgramData\chocolatey\bin;C:\Program Files (x86)\Yarn\bin\;C:\Program Files\PostgreSQL\11\bin;C:\Program Files\PuTTY\;C:\Program Files\dotnet\;C:\Program Files\Amazon\AWSCLI\bin\;C:\ProgramData\ComposerSetup\bin;C:\Users\jgmis\.cargo\bin;C:\Users\jgmis\AppData\Local\Programs\Python\Python37\Scripts\;C:\Users\jgmis\AppData\Local\Programs\Python\Python37\;C:\Users\jgmis\AppData\Local\Microsoft\WindowsApps;C:\Users\jgmis\AppData\Local\Programs\Microsoft VS Code\bin;C:\Users\jgmis\go\bin;C:\Program Files\Docker Toolbox;C:\Users\jgmis\AppData\Roaming\npm;C:\Users\jgmis\AppData\Local\Yarn\bin;C:\Hugo\bin;C:\Program Files\MySQL\MySQL Server 8.0\bin\;C:\PHP7;C:\Users\jgmis\AppData\Roaming\Composer\vendor\bin;C:\Users\jgmis\vendor\bin;

Yarn version: 
  1.17.3

Node version: 
  10.16.0

Platform: 
  win32 x64

Trace: 
  Error: EPERM: operation not permitted, unlink 'C:\WSLHome\Freelance\Triprite\flight_engine\mailServer\node_modules\deasync\bin\win32-x64-node-10\deasync.node'

npm manifest: 
  {
    "name": "triprightmail",
    "version": "1.0.0",
    "description": "",
    "main": "dist/app.js",
    "scripts": {
      "start": "npm run serve",
      "pm2:restart": "pm2 restart dist/server.js --name triprite_mail",
      "pm2:start": "pm2 start dist/server.js --name triprite_mail",
      "pm2:deploy": "npm run build && npm run pm2:restart",
      "build": "npm run build-ts && npm run lint",
      "serve": "node dist/server.js",
      "watch-node": "nodemon dist/server.js",
      "watch": "concurrently -k -p \"[{name}]\" -n \"TypeScript,Node\" -c \"yellow.bold,cyan.bold,green.bold\" \"npm run watch-ts\" \"npm run watch-node\"",
      "test": "jest --forceExit --coverage --verbose",
      "watch-test": "npm run test -- --watchAll",
      "build-ts": "tsc",
      "watch-ts": "tsc -w",
      "lint": "tsc --noEmit && eslint \"src/*.{js,ts}\" --quiet --fix",
      "copy-static-assets": "ts-node copyStaticAssets.ts",
      "debug": "npm run build && npm run watch-debug",
      "serve-debug": "nodemon --inspect dist/server.js",
      "watch-debug": "concurrently -k -p \"[{name}]\" -n \"Sass,TypeScript,Node\" -c \"yellow.bold,cyan.bold,green.bold\" \"npm run watch-ts\" \"npm run serve-debug\""
    },
    "repository": {
      "type": "git",
      "url": "git+https://github.com/Otomakan/triprite_express_mail.git"
    },
    "author": "",
    "license": "ISC",
    "bugs": {
      "url": "https://github.com/Otomakan/triprite_express_mail/issues"
    },
    "homepage": "https://github.com/Otomakan/triprite_express_mail#readme",
    "dependencies": {
      "@types/express": "^4.17.1",
      "@types/morgan": "^1.7.37",
      "@types/node": "^12.0.7",
      "@types/winston": "^2.4.4",
      "app-root-path": "^2.2.1",
      "axios": "^0.18.1",
      "body-parser": "^1.19.0",
      "compression": "^1.7.4",
      "cors": "^2.8.5",
      "date-fns": "^2.0.1",
      "dotenv": "^7.0.0",
      "email-templates": "^5.0.4",
      "express": "^4.17.1",
      "morgan": "^1.9.1",
      "nodemailer": "^6.0.0",
      "nodemailer-base64-to-s3": "^1.0.0",
      "nodemon": "^1.19.2",
      "winston": "^3.2.1"
    },
    "devDependencies": {
      "@typescript-eslint/eslint-plugin": "^2.3.0",
      "@typescript-eslint/parser": "^2.3.0",
      "eslint": "^6.4.0",
      "ts-node": "^8.4.1",
      "ts-node-dev": "^1.0.0-pre.32",
      "typescript": "^3.6.3"
    }
  }

yarn manifest: 
  No manifest

Lockfile: 
  No lockfile
